<?xml version="1.0" encoding="UTF-8"?>
<robot generator="Robot 7.3.2 (Python 3.12.3 on linux)" generated="2025-11-10T13:41:29.860513" rpa="false" schemaversion="5">
<suite id="s1" name="Tests" source="/home/hagemish/Documents/OhTu/webcounter/src/tests">
<suite id="s1-s1" name="Increment" source="/home/hagemish/Documents/OhTu/webcounter/src/tests/increment.robot">
<kw name="Open And Configure Browser" owner="resource" type="SETUP">
<kw name="Set Selenium Speed" owner="SeleniumLibrary">
<arg>${DELAY}</arg>
<doc>Sets the delay that is waited after each Selenium command.</doc>
<status status="PASS" start="2025-11-10T13:41:29.937667" elapsed="0.000325"/>
</kw>
<kw name="Open Browser" owner="SeleniumLibrary">
<msg time="2025-11-10T13:41:29.938386" level="INFO">Opening browser 'chrome' to base url 'None'.</msg>
<arg>browser=${BROWSER}</arg>
<doc>Opens a new browser instance to the optional ``url``.</doc>
<status status="PASS" start="2025-11-10T13:41:29.938168" elapsed="0.367178"/>
</kw>
<status status="PASS" start="2025-11-10T13:41:29.936798" elapsed="0.368693"/>
</kw>
<test id="s1-s1-t1" name="At start the counter is zero" line="7">
<kw name="Go To" owner="SeleniumLibrary">
<msg time="2025-11-10T13:41:30.306165" level="INFO">Opening url 'http://localhost:5001'</msg>
<arg>${HOME_URL}</arg>
<doc>Navigates the current browser window to the provided ``url``.</doc>
<status status="PASS" start="2025-11-10T13:41:30.305976" elapsed="0.583648"/>
</kw>
<kw name="Title Should Be" owner="SeleniumLibrary">
<msg time="2025-11-10T13:41:31.404227" level="INFO">Page title is 'Laskuri'.</msg>
<arg>Laskuri</arg>
<doc>Verifies that the current page title equals ``title``.</doc>
<status status="PASS" start="2025-11-10T13:41:30.890592" elapsed="0.514301"/>
</kw>
<kw name="Page Should Contain" owner="SeleniumLibrary">
<msg time="2025-11-10T13:41:32.434078" level="INFO">Current page contains text 'nappia painettu 0 kertaa'.</msg>
<arg>nappia painettu 0 kertaa</arg>
<doc>Verifies that current page contains ``text``.</doc>
<status status="PASS" start="2025-11-10T13:41:31.406390" elapsed="1.028044"/>
</kw>
<status status="PASS" start="2025-11-10T13:41:30.305579" elapsed="2.129447"/>
</test>
<test id="s1-s1-t2" name="When button pressed twice the counter is two" line="12">
<kw name="Go To" owner="SeleniumLibrary">
<msg time="2025-11-10T13:41:32.436833" level="INFO">Opening url 'http://localhost:5001'</msg>
<arg>${HOME_URL}</arg>
<doc>Navigates the current browser window to the provided ``url``.</doc>
<status status="PASS" start="2025-11-10T13:41:32.436438" elapsed="0.536338"/>
</kw>
<kw name="Click Button" owner="SeleniumLibrary">
<msg time="2025-11-10T13:41:32.977645" level="INFO">Clicking button 'Paina'.</msg>
<arg>Paina</arg>
<doc>Clicks the button identified by ``locator``.</doc>
<status status="PASS" start="2025-11-10T13:41:32.974101" elapsed="2.155829"/>
</kw>
<kw name="Click Button" owner="SeleniumLibrary">
<msg time="2025-11-10T13:41:35.131634" level="INFO">Clicking button 'Paina'.</msg>
<arg>Paina</arg>
<doc>Clicks the button identified by ``locator``.</doc>
<status status="PASS" start="2025-11-10T13:41:35.130905" elapsed="2.108677"/>
</kw>
<kw name="Page Should Contain" owner="SeleniumLibrary">
<msg time="2025-11-10T13:41:38.273149" level="INFO">Current page contains text 'nappia painettu 2 kertaa'.</msg>
<arg>nappia painettu 2 kertaa</arg>
<doc>Verifies that current page contains ``text``.</doc>
<status status="PASS" start="2025-11-10T13:41:37.240667" elapsed="1.032979"/>
</kw>
<status status="PASS" start="2025-11-10T13:41:32.435648" elapsed="5.838925"/>
</test>
<kw name="Close Browser" owner="SeleniumLibrary" type="TEARDOWN">
<doc>Closes the current browser.</doc>
<status status="PASS" start="2025-11-10T13:41:38.276283" elapsed="0.576659"/>
</kw>
<status status="PASS" start="2025-11-10T13:41:29.873251" elapsed="8.979776"/>
</suite>
<suite id="s1-s2" name="Reset" source="/home/hagemish/Documents/OhTu/webcounter/src/tests/reset.robot">
<kw name="Open And Configure Browser" owner="resource" type="SETUP">
<kw name="Set Selenium Speed" owner="SeleniumLibrary">
<arg>${DELAY}</arg>
<doc>Sets the delay that is waited after each Selenium command.</doc>
<status status="PASS" start="2025-11-10T13:41:38.854710" elapsed="0.000165"/>
</kw>
<kw name="Open Browser" owner="SeleniumLibrary">
<msg time="2025-11-10T13:41:38.855083" level="INFO">Opening browser 'chrome' to base url 'None'.</msg>
<arg>browser=${BROWSER}</arg>
<doc>Opens a new browser instance to the optional ``url``.</doc>
<status status="PASS" start="2025-11-10T13:41:38.854963" elapsed="0.355989"/>
</kw>
<status status="PASS" start="2025-11-10T13:41:38.854583" elapsed="0.356457"/>
</kw>
<test id="s1-s2-t1" name="When counter has a nonzero value and it is reset the value becomes zero" line="7">
<kw name="Go To" owner="SeleniumLibrary">
<msg time="2025-11-10T13:41:39.211495" level="INFO">Opening url 'http://localhost:5001'</msg>
<arg>${HOME_URL}</arg>
<doc>Navigates the current browser window to the provided ``url``.</doc>
<status status="PASS" start="2025-11-10T13:41:39.211378" elapsed="0.548534"/>
</kw>
<kw name="Click Button" owner="SeleniumLibrary">
<msg time="2025-11-10T13:41:39.761018" level="INFO">Clicking button 'Paina'.</msg>
<arg>Paina</arg>
<doc>Clicks the button identified by ``locator``.</doc>
<status status="PASS" start="2025-11-10T13:41:39.760516" elapsed="2.135178"/>
</kw>
<kw name="Click Button" owner="SeleniumLibrary">
<msg time="2025-11-10T13:41:41.897476" level="INFO">Clicking button 'Paina'.</msg>
<arg>Paina</arg>
<doc>Clicks the button identified by ``locator``.</doc>
<status status="PASS" start="2025-11-10T13:41:41.896711" elapsed="2.125302"/>
</kw>
<kw name="Click Button" owner="SeleniumLibrary">
<msg time="2025-11-10T13:41:44.023551" level="INFO">Clicking button 'Nollaa'.</msg>
<arg>Nollaa</arg>
<doc>Clicks the button identified by ``locator``.</doc>
<status status="PASS" start="2025-11-10T13:41:44.022896" elapsed="2.129276"/>
</kw>
<kw name="Page Should Contain" owner="SeleniumLibrary">
<msg time="2025-11-10T13:41:47.182069" level="INFO">Current page contains text 'nappia painettu 0 kertaa'.</msg>
<arg>nappia painettu 0 kertaa</arg>
<doc>Verifies that current page contains ``text``.</doc>
<status status="PASS" start="2025-11-10T13:41:46.153476" elapsed="1.029024"/>
</kw>
<kw name="Click Button" owner="SeleniumLibrary">
<msg time="2025-11-10T13:41:47.184467" level="INFO">Clicking button 'Nollaa'.</msg>
<arg>Nollaa</arg>
<doc>Clicks the button identified by ``locator``.</doc>
<status status="PASS" start="2025-11-10T13:41:47.183661" elapsed="2.133339"/>
</kw>
<kw name="Page Should Contain" owner="SeleniumLibrary">
<msg time="2025-11-10T13:41:50.344273" level="INFO">Current page contains text 'nappia painettu 0 kertaa'.</msg>
<arg>nappia painettu 0 kertaa</arg>
<doc>Verifies that current page contains ``text``.</doc>
<status status="PASS" start="2025-11-10T13:41:49.318241" elapsed="1.026403"/>
</kw>
<status status="PASS" start="2025-11-10T13:41:39.211093" elapsed="11.134300"/>
</test>
<kw name="Close Browser" owner="SeleniumLibrary" type="TEARDOWN">
<doc>Closes the current browser.</doc>
<status status="PASS" start="2025-11-10T13:41:50.346905" elapsed="0.560431"/>
</kw>
<status status="PASS" start="2025-11-10T13:41:38.853396" elapsed="12.054130"/>
</suite>
<status status="PASS" start="2025-11-10T13:41:29.861072" elapsed="21.047811"/>
</suite>
<statistics>
<total>
<stat pass="3" fail="0" skip="0">All Tests</stat>
</total>
<tag>
</tag>
<suite>
<stat name="Tests" id="s1" pass="3" fail="0" skip="0">Tests</stat>
<stat name="Increment" id="s1-s1" pass="2" fail="0" skip="0">Tests.Increment</stat>
<stat name="Reset" id="s1-s2" pass="1" fail="0" skip="0">Tests.Reset</stat>
</suite>
</statistics>
<errors>
</errors>
</robot>
